2025-04-04 11:51:14,789 CRIT Supervisor is running as root.  Privileges were not dropped because no user is specified in the config file.  If you intend to run as root, you can set user=root in the config file to avoid this message.
2025-04-04 11:51:14,801 INFO supervisord started with pid 1
2025-04-04 11:51:15,803 INFO spawned: 'nginx' with pid 7
2025-04-04 11:51:15,807 INFO spawned: 'php-fpm' with pid 8
2025-04-04 11:51:15,830 WARN exited: nginx (exit status 1; not expected)
2025-04-04 11:51:16,881 INFO spawned: 'nginx' with pid 11
2025-04-04 11:51:16,883 INFO success: php-fpm entered RUNNING state, process has stayed up for > than 1 seconds (startsecs)
2025-04-04 11:51:16,895 WARN exited: nginx (exit status 1; not expected)
2025-04-04 11:51:18,901 INFO spawned: 'nginx' with pid 12
2025-04-04 11:51:18,909 WARN exited: nginx (exit status 1; not expected)
2025-04-04 11:51:21,919 INFO spawned: 'nginx' with pid 13
2025-04-04 11:51:21,936 WARN exited: nginx (exit status 1; not expected)
2025-04-04 11:51:22,938 INFO gave up: nginx entered FATAL state, too many start retries too quickly
2025-04-04 11:54:10,270 WARN received SIGQUIT indicating exit request
2025-04-04 11:54:10,271 INFO waiting for php-fpm to die
2025-04-04 11:54:10,281 INFO stopped: php-fpm (exit status 0)
2025-04-04 12:01:31,792 CRIT Supervisor is running as root.  Privileges were not dropped because no user is specified in the config file.  If you intend to run as root, you can set user=root in the config file to avoid this message.
2025-04-04 12:01:31,796 INFO supervisord started with pid 1
2025-04-04 12:01:32,800 INFO spawned: 'nginx' with pid 7
2025-04-04 12:01:32,804 INFO spawned: 'php-fpm' with pid 8
2025-04-04 12:01:32,826 WARN exited: nginx (exit status 1; not expected)
2025-04-04 12:01:33,874 INFO spawned: 'nginx' with pid 11
2025-04-04 12:01:33,875 INFO success: php-fpm entered RUNNING state, process has stayed up for > than 1 seconds (startsecs)
2025-04-04 12:01:33,888 WARN exited: nginx (exit status 1; not expected)
2025-04-04 12:01:35,895 INFO spawned: 'nginx' with pid 12
2025-04-04 12:01:35,904 WARN exited: nginx (exit status 1; not expected)
2025-04-04 12:01:38,913 INFO spawned: 'nginx' with pid 13
2025-04-04 12:01:38,928 WARN exited: nginx (exit status 1; not expected)
2025-04-04 12:01:39,931 INFO gave up: nginx entered FATAL state, too many start retries too quickly
2025-04-04 12:03:00,087 WARN received SIGQUIT indicating exit request
2025-04-04 12:03:00,088 INFO waiting for php-fpm to die
2025-04-04 12:03:00,102 INFO stopped: php-fpm (exit status 0)
2025-04-04 12:03:09,797 CRIT Supervisor is running as root.  Privileges were not dropped because no user is specified in the config file.  If you intend to run as root, you can set user=root in the config file to avoid this message.
2025-04-04 12:03:09,801 INFO supervisord started with pid 1
2025-04-04 12:03:10,806 INFO spawned: 'nginx' with pid 7
2025-04-04 12:03:10,810 INFO spawned: 'php-fpm' with pid 8
2025-04-04 12:03:10,834 WARN exited: nginx (exit status 1; not expected)
2025-04-04 12:03:11,898 INFO spawned: 'nginx' with pid 11
2025-04-04 12:03:11,900 INFO success: php-fpm entered RUNNING state, process has stayed up for > than 1 seconds (startsecs)
2025-04-04 12:03:11,911 WARN exited: nginx (exit status 1; not expected)
2025-04-04 12:03:13,919 INFO spawned: 'nginx' with pid 12
2025-04-04 12:03:13,936 WARN exited: nginx (exit status 1; not expected)
2025-04-04 12:03:17,123 INFO spawned: 'nginx' with pid 13
2025-04-04 12:03:17,130 WARN exited: nginx (exit status 1; not expected)
2025-04-04 12:03:18,132 INFO gave up: nginx entered FATAL state, too many start retries too quickly
2025-04-04 12:06:56,554 INFO reaped unknown pid 44 (exit status 0)
2025-04-04 12:13:22,314 WARN received SIGQUIT indicating exit request
2025-04-04 12:13:22,316 INFO waiting for php-fpm to die
2025-04-04 12:13:22,326 INFO stopped: php-fpm (exit status 0)
2025-04-04 12:19:43,383 CRIT Supervisor is running as root.  Privileges were not dropped because no user is specified in the config file.  If you intend to run as root, you can set user=root in the config file to avoid this message.
2025-04-04 12:19:43,398 INFO supervisord started with pid 1
2025-04-04 12:19:44,403 INFO spawned: 'nginx' with pid 7
2025-04-04 12:19:44,407 INFO spawned: 'php-fpm' with pid 8
2025-04-04 12:19:44,437 WARN exited: nginx (exit status 1; not expected)
2025-04-04 12:19:45,576 INFO spawned: 'nginx' with pid 11
2025-04-04 12:19:45,577 INFO success: php-fpm entered RUNNING state, process has stayed up for > than 1 seconds (startsecs)
2025-04-04 12:19:45,584 WARN exited: nginx (exit status 1; not expected)
2025-04-04 12:19:47,592 INFO spawned: 'nginx' with pid 12
2025-04-04 12:19:47,609 WARN exited: nginx (exit status 1; not expected)
2025-04-04 12:19:50,619 INFO spawned: 'nginx' with pid 13
2025-04-04 12:19:50,637 WARN exited: nginx (exit status 1; not expected)
2025-04-04 12:19:51,640 INFO gave up: nginx entered FATAL state, too many start retries too quickly
2025-04-04 12:25:44,248 INFO reaped unknown pid 69 (terminated by SIGINT)
2025-04-04 12:26:44,368 INFO reaped unknown pid 107 (terminated by SIGINT)
2025-04-04 12:28:02,520 INFO reaped unknown pid 141 (terminated by SIGINT)
2025-04-04 12:30:04,192 INFO reaped unknown pid 175 (terminated by SIGINT)
2025-04-04 12:31:51,405 WARN received SIGQUIT indicating exit request
2025-04-04 12:31:51,407 INFO waiting for php-fpm to die
2025-04-04 12:31:51,418 INFO stopped: php-fpm (exit status 0)
2025-04-04 12:32:09,839 CRIT Supervisor is running as root.  Privileges were not dropped because no user is specified in the config file.  If you intend to run as root, you can set user=root in the config file to avoid this message.
2025-04-04 12:32:09,844 INFO supervisord started with pid 1
2025-04-04 12:32:10,847 INFO spawned: 'nginx' with pid 7
2025-04-04 12:32:10,853 INFO spawned: 'php-fpm' with pid 8
2025-04-04 12:32:10,871 WARN exited: nginx (exit status 1; not expected)
2025-04-04 12:32:11,917 INFO spawned: 'nginx' with pid 11
2025-04-04 12:32:11,919 INFO success: php-fpm entered RUNNING state, process has stayed up for > than 1 seconds (startsecs)
2025-04-04 12:32:11,935 WARN exited: nginx (exit status 1; not expected)
2025-04-04 12:32:13,942 INFO spawned: 'nginx' with pid 12
2025-04-04 12:32:13,958 WARN exited: nginx (exit status 1; not expected)
2025-04-04 12:32:16,966 INFO spawned: 'nginx' with pid 13
2025-04-04 12:32:16,983 WARN exited: nginx (exit status 1; not expected)
2025-04-04 12:32:17,986 INFO gave up: nginx entered FATAL state, too many start retries too quickly
2025-04-04 12:34:17,216 WARN received SIGQUIT indicating exit request
2025-04-04 12:34:17,218 INFO waiting for php-fpm to die
2025-04-04 12:34:17,226 INFO stopped: php-fpm (exit status 0)
2025-04-04 12:41:33,369 CRIT Supervisor is running as root.  Privileges were not dropped because no user is specified in the config file.  If you intend to run as root, you can set user=root in the config file to avoid this message.
2025-04-04 12:41:33,373 INFO supervisord started with pid 1
2025-04-04 12:41:34,377 INFO spawned: 'nginx' with pid 7
2025-04-04 12:41:34,380 INFO spawned: 'php-fpm' with pid 8
2025-04-04 12:41:34,403 WARN exited: nginx (exit status 1; not expected)
2025-04-04 12:41:35,489 INFO spawned: 'nginx' with pid 11
2025-04-04 12:41:35,491 INFO success: php-fpm entered RUNNING state, process has stayed up for > than 1 seconds (startsecs)
2025-04-04 12:41:35,505 WARN exited: nginx (exit status 1; not expected)
2025-04-04 12:41:37,513 INFO spawned: 'nginx' with pid 12
2025-04-04 12:41:37,527 WARN exited: nginx (exit status 1; not expected)
2025-04-04 12:41:40,540 INFO spawned: 'nginx' with pid 13
2025-04-04 12:41:40,558 WARN exited: nginx (exit status 1; not expected)
2025-04-04 12:41:41,560 INFO gave up: nginx entered FATAL state, too many start retries too quickly
2025-04-04 12:57:06,377 WARN received SIGQUIT indicating exit request
2025-04-04 12:57:06,378 INFO waiting for php-fpm to die
2025-04-04 12:57:06,387 INFO stopped: php-fpm (exit status 0)
2025-04-04 12:57:21,335 CRIT Supervisor is running as root.  Privileges were not dropped because no user is specified in the config file.  If you intend to run as root, you can set user=root in the config file to avoid this message.
2025-04-04 12:57:21,343 INFO supervisord started with pid 1
2025-04-04 12:57:22,348 INFO spawned: 'nginx' with pid 7
2025-04-04 12:57:22,354 INFO spawned: 'php-fpm' with pid 8
2025-04-04 12:57:22,374 WARN exited: nginx (exit status 1; not expected)
2025-04-04 12:57:23,429 INFO spawned: 'nginx' with pid 11
2025-04-04 12:57:23,430 INFO success: php-fpm entered RUNNING state, process has stayed up for > than 1 seconds (startsecs)
2025-04-04 12:57:23,445 WARN exited: nginx (exit status 1; not expected)
2025-04-04 12:57:25,452 INFO spawned: 'nginx' with pid 12
2025-04-04 12:57:25,469 WARN exited: nginx (exit status 1; not expected)
2025-04-04 12:57:28,477 INFO spawned: 'nginx' with pid 13
2025-04-04 12:57:28,487 WARN exited: nginx (exit status 1; not expected)
2025-04-04 12:57:29,489 INFO gave up: nginx entered FATAL state, too many start retries too quickly
2025-04-04 12:58:32,609 WARN received SIGQUIT indicating exit request
2025-04-04 12:58:32,610 INFO waiting for php-fpm to die
2025-04-04 12:58:32,617 INFO stopped: php-fpm (exit status 0)
2025-04-04 12:58:34,679 CRIT Supervisor is running as root.  Privileges were not dropped because no user is specified in the config file.  If you intend to run as root, you can set user=root in the config file to avoid this message.
2025-04-04 12:58:34,692 INFO supervisord started with pid 1
2025-04-04 12:58:35,696 INFO spawned: 'nginx' with pid 6
2025-04-04 12:58:35,702 INFO spawned: 'php-fpm' with pid 7
2025-04-04 12:58:35,710 WARN exited: nginx (exit status 1; not expected)
2025-04-04 12:58:36,768 INFO spawned: 'nginx' with pid 10
2025-04-04 12:58:36,770 INFO success: php-fpm entered RUNNING state, process has stayed up for > than 1 seconds (startsecs)
2025-04-04 12:58:36,783 WARN exited: nginx (exit status 1; not expected)
2025-04-04 12:58:38,790 INFO spawned: 'nginx' with pid 11
2025-04-04 12:58:38,807 WARN exited: nginx (exit status 1; not expected)
2025-04-04 12:58:41,817 INFO spawned: 'nginx' with pid 12
2025-04-04 12:58:41,835 WARN exited: nginx (exit status 1; not expected)
2025-04-04 12:58:42,838 INFO gave up: nginx entered FATAL state, too many start retries too quickly
2025-04-04 13:06:25,656 WARN received SIGQUIT indicating exit request
2025-04-04 13:06:25,658 INFO waiting for php-fpm to die
2025-04-04 13:06:25,665 INFO stopped: php-fpm (exit status 0)
2025-04-04 13:18:49,192 CRIT Supervisor is running as root.  Privileges were not dropped because no user is specified in the config file.  If you intend to run as root, you can set user=root in the config file to avoid this message.
2025-04-04 13:18:49,197 INFO supervisord started with pid 1
2025-04-04 13:18:50,203 INFO spawned: 'nginx' with pid 7
2025-04-04 13:18:50,205 INFO spawned: 'php-fpm' with pid 8
2025-04-04 13:18:50,224 WARN exited: nginx (exit status 1; not expected)
2025-04-04 13:18:51,302 INFO spawned: 'nginx' with pid 11
2025-04-04 13:18:51,303 INFO success: php-fpm entered RUNNING state, process has stayed up for > than 1 seconds (startsecs)
2025-04-04 13:18:51,317 WARN exited: nginx (exit status 1; not expected)
2025-04-04 13:18:53,324 INFO spawned: 'nginx' with pid 12
2025-04-04 13:18:54,337 INFO success: nginx entered RUNNING state, process has stayed up for > than 1 seconds (startsecs)
2025-04-04 13:18:54,338 WARN exited: nginx (exit status 1; not expected)
2025-04-04 13:18:55,342 INFO spawned: 'nginx' with pid 13
2025-04-04 13:18:55,349 WARN exited: nginx (exit status 1; not expected)
2025-04-04 13:18:56,355 INFO spawned: 'nginx' with pid 14
2025-04-04 13:18:56,363 WARN exited: nginx (exit status 1; not expected)
2025-04-04 13:18:58,370 INFO spawned: 'nginx' with pid 15
2025-04-04 13:18:58,379 WARN exited: nginx (exit status 1; not expected)
2025-04-04 13:19:01,388 INFO spawned: 'nginx' with pid 16
2025-04-04 13:19:01,399 WARN exited: nginx (exit status 1; not expected)
2025-04-04 13:19:02,401 INFO gave up: nginx entered FATAL state, too many start retries too quickly
2025-04-04 13:40:51,952 WARN received SIGQUIT indicating exit request
2025-04-04 13:40:51,954 INFO waiting for php-fpm to die
2025-04-04 13:40:51,968 INFO stopped: php-fpm (exit status 0)
2025-04-04 13:41:06,251 CRIT Supervisor is running as root.  Privileges were not dropped because no user is specified in the config file.  If you intend to run as root, you can set user=root in the config file to avoid this message.
2025-04-04 13:41:06,260 INFO supervisord started with pid 1
2025-04-04 13:41:07,266 INFO spawned: 'nginx' with pid 7
2025-04-04 13:41:07,271 INFO spawned: 'php-fpm' with pid 8
2025-04-04 13:41:07,300 WARN exited: nginx (exit status 1; not expected)
2025-04-04 13:41:08,389 INFO spawned: 'nginx' with pid 11
2025-04-04 13:41:08,390 INFO success: php-fpm entered RUNNING state, process has stayed up for > than 1 seconds (startsecs)
2025-04-04 13:41:08,405 WARN exited: nginx (exit status 1; not expected)
2025-04-04 13:41:10,413 INFO spawned: 'nginx' with pid 12
2025-04-04 13:41:10,431 WARN exited: nginx (exit status 1; not expected)
2025-04-04 13:41:13,441 INFO spawned: 'nginx' with pid 13
2025-04-04 13:41:13,449 WARN exited: nginx (exit status 1; not expected)
2025-04-04 13:41:14,452 INFO gave up: nginx entered FATAL state, too many start retries too quickly
2025-04-04 14:07:54,556 WARN received SIGQUIT indicating exit request
2025-04-04 14:07:54,558 INFO waiting for php-fpm to die
2025-04-04 14:07:54,571 INFO stopped: php-fpm (exit status 0)
2025-04-04 14:14:43,764 CRIT Supervisor is running as root.  Privileges were not dropped because no user is specified in the config file.  If you intend to run as root, you can set user=root in the config file to avoid this message.
2025-04-04 14:14:43,770 INFO supervisord started with pid 1
2025-04-04 14:14:44,777 INFO spawned: 'nginx' with pid 7
2025-04-04 14:14:44,783 INFO spawned: 'php-fpm' with pid 8
2025-04-04 14:14:44,806 WARN exited: nginx (exit status 1; not expected)
2025-04-04 14:14:45,911 INFO spawned: 'nginx' with pid 11
2025-04-04 14:14:45,916 INFO success: php-fpm entered RUNNING state, process has stayed up for > than 1 seconds (startsecs)
2025-04-04 14:14:45,926 WARN exited: nginx (exit status 1; not expected)
2025-04-04 14:14:47,933 INFO spawned: 'nginx' with pid 12
2025-04-04 14:14:47,950 WARN exited: nginx (exit status 1; not expected)
2025-04-04 14:14:50,960 INFO spawned: 'nginx' with pid 13
2025-04-04 14:14:50,967 WARN exited: nginx (exit status 1; not expected)
2025-04-04 14:14:51,968 INFO gave up: nginx entered FATAL state, too many start retries too quickly
2025-04-04 14:36:12,394 WARN received SIGQUIT indicating exit request
2025-04-04 14:36:12,397 INFO waiting for php-fpm to die
2025-04-04 14:36:13,416 INFO stopped: php-fpm (exit status 0)
2025-04-05 07:32:42,059 CRIT Supervisor is running as root.  Privileges were not dropped because no user is specified in the config file.  If you intend to run as root, you can set user=root in the config file to avoid this message.
2025-04-05 07:32:42,068 INFO supervisord started with pid 1
2025-04-05 07:32:43,072 INFO spawned: 'nginx' with pid 7
2025-04-05 07:32:43,078 INFO spawned: 'php-fpm' with pid 8
2025-04-05 07:32:43,100 WARN exited: nginx (exit status 1; not expected)
2025-04-05 07:32:44,306 INFO spawned: 'nginx' with pid 11
2025-04-05 07:32:44,307 INFO success: php-fpm entered RUNNING state, process has stayed up for > than 1 seconds (startsecs)
2025-04-05 07:32:44,313 WARN exited: nginx (exit status 1; not expected)
2025-04-05 07:32:46,320 INFO spawned: 'nginx' with pid 12
2025-04-05 07:32:46,337 WARN exited: nginx (exit status 1; not expected)
2025-04-05 07:32:49,348 INFO spawned: 'nginx' with pid 13
2025-04-05 07:32:49,365 WARN exited: nginx (exit status 1; not expected)
2025-04-05 07:32:50,368 INFO gave up: nginx entered FATAL state, too many start retries too quickly
2025-04-05 08:11:14,578 WARN received SIGQUIT indicating exit request
2025-04-05 08:11:14,578 INFO waiting for php-fpm to die
2025-04-05 08:11:14,587 INFO stopped: php-fpm (exit status 0)
2025-04-05 08:21:49,742 CRIT Supervisor is running as root.  Privileges were not dropped because no user is specified in the config file.  If you intend to run as root, you can set user=root in the config file to avoid this message.
2025-04-05 08:21:49,748 INFO supervisord started with pid 1
2025-04-05 08:21:50,751 INFO spawned: 'nginx' with pid 7
2025-04-05 08:21:50,754 INFO spawned: 'php-fpm' with pid 8
2025-04-05 08:21:50,774 WARN exited: nginx (exit status 1; not expected)
2025-04-05 08:21:51,870 INFO spawned: 'nginx' with pid 11
2025-04-05 08:21:51,872 INFO success: php-fpm entered RUNNING state, process has stayed up for > than 1 seconds (startsecs)
2025-04-05 08:21:51,885 WARN exited: nginx (exit status 1; not expected)
2025-04-05 08:21:53,890 INFO spawned: 'nginx' with pid 12
2025-04-05 08:21:54,902 INFO success: nginx entered RUNNING state, process has stayed up for > than 1 seconds (startsecs)
2025-04-05 08:21:54,903 WARN exited: nginx (exit status 1; not expected)
2025-04-05 08:21:55,910 INFO spawned: 'nginx' with pid 13
2025-04-05 08:21:55,927 WARN exited: nginx (exit status 1; not expected)
2025-04-05 08:21:56,932 INFO spawned: 'nginx' with pid 14
2025-04-05 08:21:56,946 WARN exited: nginx (exit status 1; not expected)
2025-04-05 08:21:58,952 INFO spawned: 'nginx' with pid 15
2025-04-05 08:21:58,966 WARN exited: nginx (exit status 1; not expected)
2025-04-05 08:22:01,972 INFO spawned: 'nginx' with pid 16
2025-04-05 08:22:01,983 WARN exited: nginx (exit status 1; not expected)
2025-04-05 08:22:01,984 INFO gave up: nginx entered FATAL state, too many start retries too quickly
2025-04-06 08:41:22,662 CRIT Supervisor is running as root.  Privileges were not dropped because no user is specified in the config file.  If you intend to run as root, you can set user=root in the config file to avoid this message.
2025-04-06 08:41:22,670 INFO supervisord started with pid 1
2025-04-06 08:41:23,677 INFO spawned: 'nginx' with pid 6
2025-04-06 08:41:23,684 INFO spawned: 'php-fpm' with pid 7
2025-04-06 08:41:23,703 WARN exited: nginx (exit status 1; not expected)
2025-04-06 08:41:24,930 INFO spawned: 'nginx' with pid 10
2025-04-06 08:41:24,933 INFO success: php-fpm entered RUNNING state, process has stayed up for > than 1 seconds (startsecs)
2025-04-06 08:41:24,938 WARN exited: nginx (exit status 1; not expected)
2025-04-06 08:41:26,944 INFO spawned: 'nginx' with pid 11
2025-04-06 08:41:26,975 WARN exited: nginx (exit status 1; not expected)
2025-04-06 08:41:29,986 INFO spawned: 'nginx' with pid 12
2025-04-06 08:41:30,011 WARN exited: nginx (exit status 1; not expected)
2025-04-06 08:41:31,015 INFO gave up: nginx entered FATAL state, too many start retries too quickly
2025-04-06 08:41:37,026 WARN received SIGQUIT indicating exit request
2025-04-06 08:41:37,027 INFO waiting for php-fpm to die
2025-04-06 08:41:37,036 INFO stopped: php-fpm (exit status 0)
2025-04-06 09:56:41,015 CRIT Supervisor is running as root.  Privileges were not dropped because no user is specified in the config file.  If you intend to run as root, you can set user=root in the config file to avoid this message.
2025-04-06 09:56:41,022 INFO supervisord started with pid 1
2025-04-06 09:56:42,029 INFO spawned: 'nginx' with pid 8
2025-04-06 09:56:42,035 INFO spawned: 'php-fpm' with pid 9
2025-04-06 09:56:42,051 WARN exited: nginx (exit status 1; not expected)
2025-04-06 09:56:43,157 INFO spawned: 'nginx' with pid 12
2025-04-06 09:56:43,159 INFO success: php-fpm entered RUNNING state, process has stayed up for > than 1 seconds (startsecs)
2025-04-06 09:56:43,165 WARN exited: nginx (exit status 1; not expected)
2025-04-06 09:56:45,171 INFO spawned: 'nginx' with pid 13
2025-04-06 09:56:45,190 WARN exited: nginx (exit status 1; not expected)
2025-04-06 09:56:48,198 INFO spawned: 'nginx' with pid 14
2025-04-06 09:56:48,212 WARN exited: nginx (exit status 1; not expected)
2025-04-06 09:56:49,215 INFO gave up: nginx entered FATAL state, too many start retries too quickly
2025-04-14 08:44:56,667 CRIT Supervisor is running as root.  Privileges were not dropped because no user is specified in the config file.  If you intend to run as root, you can set user=root in the config file to avoid this message.
2025-04-14 08:44:56,676 INFO supervisord started with pid 1
2025-04-14 08:44:57,680 INFO spawned: 'nginx' with pid 6
2025-04-14 08:44:57,684 INFO spawned: 'php-fpm' with pid 7
2025-04-14 08:44:57,699 WARN exited: nginx (exit status 1; not expected)
2025-04-14 08:44:58,876 INFO spawned: 'nginx' with pid 10
2025-04-14 08:44:58,877 INFO success: php-fpm entered RUNNING state, process has stayed up for > than 1 seconds (startsecs)
2025-04-14 08:44:58,882 WARN exited: nginx (exit status 1; not expected)
2025-04-14 08:45:00,887 INFO spawned: 'nginx' with pid 11
2025-04-14 08:45:00,900 WARN exited: nginx (exit status 1; not expected)
2025-04-14 08:45:03,911 INFO spawned: 'nginx' with pid 12
2025-04-14 08:45:03,939 WARN exited: nginx (exit status 1; not expected)
2025-04-14 08:45:04,942 INFO gave up: nginx entered FATAL state, too many start retries too quickly
2025-04-14 09:12:03,977 WARN received SIGQUIT indicating exit request
2025-04-14 09:12:03,983 INFO waiting for php-fpm to die
2025-04-14 09:12:03,994 INFO stopped: php-fpm (exit status 0)
2025-04-14 09:12:18,442 CRIT Supervisor is running as root.  Privileges were not dropped because no user is specified in the config file.  If you intend to run as root, you can set user=root in the config file to avoid this message.
2025-04-14 09:12:18,451 INFO supervisord started with pid 1
2025-04-14 09:12:19,456 INFO spawned: 'nginx' with pid 7
2025-04-14 09:12:19,462 INFO spawned: 'php-fpm' with pid 8
2025-04-14 09:12:19,471 WARN exited: nginx (exit status 1; not expected)
2025-04-14 09:12:20,531 INFO spawned: 'nginx' with pid 11
2025-04-14 09:12:20,535 INFO success: php-fpm entered RUNNING state, process has stayed up for > than 1 seconds (startsecs)
2025-04-14 09:12:20,538 WARN exited: nginx (exit status 1; not expected)
2025-04-14 09:12:22,545 INFO spawned: 'nginx' with pid 12
2025-04-14 09:12:22,562 WARN exited: nginx (exit status 1; not expected)
2025-04-14 09:12:25,571 INFO spawned: 'nginx' with pid 13
2025-04-14 09:12:25,592 WARN exited: nginx (exit status 1; not expected)
2025-04-14 09:12:26,595 INFO gave up: nginx entered FATAL state, too many start retries too quickly
2025-04-14 09:40:44,302 WARN received SIGQUIT indicating exit request
2025-04-14 09:40:44,303 INFO waiting for php-fpm to die
2025-04-14 09:40:44,311 INFO stopped: php-fpm (exit status 0)
2025-04-14 09:40:58,238 CRIT Supervisor is running as root.  Privileges were not dropped because no user is specified in the config file.  If you intend to run as root, you can set user=root in the config file to avoid this message.
2025-04-14 09:40:58,247 INFO supervisord started with pid 1
2025-04-14 09:40:59,250 INFO spawned: 'nginx' with pid 7
2025-04-14 09:40:59,253 INFO spawned: 'php-fpm' with pid 8
2025-04-14 09:40:59,260 WARN exited: nginx (exit status 1; not expected)
2025-04-14 09:41:00,314 INFO spawned: 'nginx' with pid 11
2025-04-14 09:41:00,315 INFO success: php-fpm entered RUNNING state, process has stayed up for > than 1 seconds (startsecs)
2025-04-14 09:41:00,322 WARN exited: nginx (exit status 1; not expected)
2025-04-14 09:41:02,493 INFO spawned: 'nginx' with pid 12
2025-04-14 09:41:02,514 WARN exited: nginx (exit status 1; not expected)
2025-04-14 09:41:06,341 INFO spawned: 'nginx' with pid 13
2025-04-14 09:41:06,358 WARN exited: nginx (exit status 1; not expected)
2025-04-14 09:41:07,361 INFO gave up: nginx entered FATAL state, too many start retries too quickly
2025-04-14 09:42:24,229 WARN received SIGQUIT indicating exit request
2025-04-14 09:42:24,230 INFO waiting for php-fpm to die
2025-04-14 09:42:24,240 INFO stopped: php-fpm (exit status 0)
2025-04-14 09:42:40,101 CRIT Supervisor is running as root.  Privileges were not dropped because no user is specified in the config file.  If you intend to run as root, you can set user=root in the config file to avoid this message.
2025-04-14 09:42:40,112 INFO supervisord started with pid 1
2025-04-14 09:42:41,117 INFO spawned: 'nginx' with pid 7
2025-04-14 09:42:41,121 INFO spawned: 'php-fpm' with pid 8
2025-04-14 09:42:41,131 WARN exited: nginx (exit status 1; not expected)
2025-04-14 09:42:42,202 INFO spawned: 'nginx' with pid 11
2025-04-14 09:42:42,203 INFO success: php-fpm entered RUNNING state, process has stayed up for > than 1 seconds (startsecs)
2025-04-14 09:42:42,210 WARN exited: nginx (exit status 1; not expected)
2025-04-14 09:42:44,216 INFO spawned: 'nginx' with pid 12
2025-04-14 09:42:44,224 WARN exited: nginx (exit status 1; not expected)
2025-04-14 09:42:47,233 INFO spawned: 'nginx' with pid 13
2025-04-14 09:42:47,249 WARN exited: nginx (exit status 1; not expected)
2025-04-14 09:42:48,253 INFO gave up: nginx entered FATAL state, too many start retries too quickly
2025-04-14 09:43:22,316 WARN received SIGQUIT indicating exit request
2025-04-14 09:43:22,317 INFO waiting for php-fpm to die
2025-04-14 09:43:22,325 INFO stopped: php-fpm (exit status 0)
2025-04-14 09:43:34,271 CRIT Supervisor is running as root.  Privileges were not dropped because no user is specified in the config file.  If you intend to run as root, you can set user=root in the config file to avoid this message.
2025-04-14 09:43:34,276 INFO supervisord started with pid 1
2025-04-14 09:43:35,283 INFO spawned: 'nginx' with pid 7
2025-04-14 09:43:35,288 INFO spawned: 'php-fpm' with pid 8
2025-04-14 09:43:35,300 WARN exited: nginx (exit status 1; not expected)
2025-04-14 09:43:36,366 INFO spawned: 'nginx' with pid 11
2025-04-14 09:43:36,369 INFO success: php-fpm entered RUNNING state, process has stayed up for > than 1 seconds (startsecs)
2025-04-14 09:43:36,374 WARN exited: nginx (exit status 1; not expected)
2025-04-14 09:43:38,380 INFO spawned: 'nginx' with pid 12
2025-04-14 09:43:38,389 WARN exited: nginx (exit status 1; not expected)
2025-04-14 09:43:41,396 INFO spawned: 'nginx' with pid 13
2025-04-14 09:43:41,404 WARN exited: nginx (exit status 1; not expected)
2025-04-14 09:43:42,406 INFO gave up: nginx entered FATAL state, too many start retries too quickly
2025-04-14 15:54:52,680 WARN received SIGQUIT indicating exit request
2025-04-14 15:54:52,682 INFO waiting for php-fpm to die
2025-04-14 15:54:52,697 INFO stopped: php-fpm (exit status 0)
2025-04-14 15:55:04,570 CRIT Supervisor is running as root.  Privileges were not dropped because no user is specified in the config file.  If you intend to run as root, you can set user=root in the config file to avoid this message.
2025-04-14 15:55:04,577 INFO supervisord started with pid 1
2025-04-14 15:55:05,582 INFO spawned: 'nginx' with pid 7
2025-04-14 15:55:05,587 INFO spawned: 'php-fpm' with pid 8
2025-04-14 15:55:05,599 WARN exited: nginx (exit status 1; not expected)
2025-04-14 15:55:06,661 INFO spawned: 'nginx' with pid 11
2025-04-14 15:55:06,661 INFO success: php-fpm entered RUNNING state, process has stayed up for > than 1 seconds (startsecs)
2025-04-14 15:55:06,668 WARN exited: nginx (exit status 1; not expected)
2025-04-14 15:55:08,678 INFO spawned: 'nginx' with pid 12
2025-04-14 15:55:08,697 WARN exited: nginx (exit status 1; not expected)
2025-04-14 15:55:11,706 INFO spawned: 'nginx' with pid 13
2025-04-14 15:55:11,723 WARN exited: nginx (exit status 1; not expected)
2025-04-14 15:55:12,724 INFO gave up: nginx entered FATAL state, too many start retries too quickly
2025-04-14 16:00:18,979 WARN received SIGQUIT indicating exit request
2025-04-14 16:00:18,981 INFO waiting for php-fpm to die
2025-04-14 16:00:20,003 INFO stopped: php-fpm (exit status 0)
2025-04-14 16:01:25,170 CRIT Supervisor is running as root.  Privileges were not dropped because no user is specified in the config file.  If you intend to run as root, you can set user=root in the config file to avoid this message.
2025-04-14 16:01:25,176 INFO supervisord started with pid 1
2025-04-14 16:01:26,179 INFO spawned: 'nginx' with pid 7
2025-04-14 16:01:26,187 INFO spawned: 'php-fpm' with pid 8
2025-04-14 16:01:26,202 WARN exited: nginx (exit status 1; not expected)
2025-04-14 16:01:27,270 INFO spawned: 'nginx' with pid 11
2025-04-14 16:01:27,270 INFO success: php-fpm entered RUNNING state, process has stayed up for > than 1 seconds (startsecs)
2025-04-14 16:01:27,277 WARN exited: nginx (exit status 1; not expected)
2025-04-14 16:01:29,283 INFO spawned: 'nginx' with pid 12
2025-04-14 16:01:29,296 WARN exited: nginx (exit status 1; not expected)
2025-04-14 16:01:32,304 INFO spawned: 'nginx' with pid 13
2025-04-14 16:01:32,331 WARN exited: nginx (exit status 1; not expected)
2025-04-14 16:01:33,335 INFO gave up: nginx entered FATAL state, too many start retries too quickly
2025-04-14 16:01:44,357 WARN received SIGQUIT indicating exit request
2025-04-14 16:01:44,365 INFO waiting for php-fpm to die
2025-04-14 16:01:44,397 INFO stopped: php-fpm (exit status 0)
2025-04-14 16:01:56,474 CRIT Supervisor is running as root.  Privileges were not dropped because no user is specified in the config file.  If you intend to run as root, you can set user=root in the config file to avoid this message.
2025-04-14 16:01:56,480 INFO supervisord started with pid 1
2025-04-14 16:01:57,486 INFO spawned: 'nginx' with pid 7
2025-04-14 16:01:57,493 INFO spawned: 'php-fpm' with pid 8
2025-04-14 16:01:57,503 WARN exited: nginx (exit status 1; not expected)
2025-04-14 16:01:58,589 INFO spawned: 'nginx' with pid 11
2025-04-14 16:01:58,590 INFO success: php-fpm entered RUNNING state, process has stayed up for > than 1 seconds (startsecs)
2025-04-14 16:01:58,598 WARN exited: nginx (exit status 1; not expected)
2025-04-14 16:02:00,606 INFO spawned: 'nginx' with pid 12
2025-04-14 16:02:00,614 WARN exited: nginx (exit status 1; not expected)
2025-04-14 16:02:03,623 INFO spawned: 'nginx' with pid 13
2025-04-14 16:02:03,640 WARN exited: nginx (exit status 1; not expected)
2025-04-14 16:02:04,643 INFO gave up: nginx entered FATAL state, too many start retries too quickly
2025-04-14 16:08:12,319 WARN received SIGQUIT indicating exit request
2025-04-14 16:08:12,322 INFO waiting for php-fpm to die
2025-04-14 16:08:12,339 INFO stopped: php-fpm (exit status 0)
2025-04-14 16:14:20,759 CRIT Supervisor is running as root.  Privileges were not dropped because no user is specified in the config file.  If you intend to run as root, you can set user=root in the config file to avoid this message.
2025-04-14 16:14:20,766 INFO supervisord started with pid 1
2025-04-14 16:14:21,782 INFO spawned: 'nginx' with pid 7
2025-04-14 16:14:21,795 INFO spawned: 'php-fpm' with pid 8
2025-04-14 16:14:21,870 WARN exited: nginx (exit status 1; not expected)
2025-04-14 16:14:22,970 INFO spawned: 'nginx' with pid 11
2025-04-14 16:14:22,972 INFO success: php-fpm entered RUNNING state, process has stayed up for > than 1 seconds (startsecs)
2025-04-14 16:14:22,977 WARN exited: nginx (exit status 1; not expected)
2025-04-14 16:14:24,986 INFO spawned: 'nginx' with pid 12
2025-04-14 16:14:25,005 WARN exited: nginx (exit status 1; not expected)
2025-04-14 16:14:28,016 INFO spawned: 'nginx' with pid 13
2025-04-14 16:14:28,030 WARN exited: nginx (exit status 1; not expected)
2025-04-14 16:14:29,033 INFO gave up: nginx entered FATAL state, too many start retries too quickly
2025-04-15 06:30:37,883 CRIT Supervisor is running as root.  Privileges were not dropped because no user is specified in the config file.  If you intend to run as root, you can set user=root in the config file to avoid this message.
2025-04-15 06:30:37,894 INFO supervisord started with pid 1
2025-04-15 06:30:38,899 INFO spawned: 'nginx' with pid 7
2025-04-15 06:30:38,904 INFO spawned: 'php-fpm' with pid 8
2025-04-15 06:30:38,919 WARN exited: nginx (exit status 1; not expected)
2025-04-15 06:30:40,125 INFO spawned: 'nginx' with pid 11
2025-04-15 06:30:40,129 INFO success: php-fpm entered RUNNING state, process has stayed up for > than 1 seconds (startsecs)
2025-04-15 06:30:40,137 WARN exited: nginx (exit status 1; not expected)
2025-04-15 06:30:43,095 INFO spawned: 'nginx' with pid 12
2025-04-15 06:30:43,105 WARN exited: nginx (exit status 1; not expected)
2025-04-15 06:30:46,668 INFO spawned: 'nginx' with pid 14
2025-04-15 06:30:46,675 WARN exited: nginx (exit status 1; not expected)
2025-04-15 06:30:47,265 INFO gave up: nginx entered FATAL state, too many start retries too quickly
2025-04-15 06:33:13,046 INFO reaped unknown pid 81 (exit status 0)
2025-04-19 16:40:46,079 CRIT Supervisor is running as root.  Privileges were not dropped because no user is specified in the config file.  If you intend to run as root, you can set user=root in the config file to avoid this message.
2025-04-19 16:40:46,087 INFO supervisord started with pid 1
2025-04-19 16:40:47,093 INFO spawned: 'nginx' with pid 6
2025-04-19 16:40:47,100 INFO spawned: 'php-fpm' with pid 7
2025-04-19 16:40:47,116 WARN exited: nginx (exit status 1; not expected)
2025-04-19 16:40:48,289 INFO spawned: 'nginx' with pid 10
2025-04-19 16:40:48,290 INFO success: php-fpm entered RUNNING state, process has stayed up for > than 1 seconds (startsecs)
2025-04-19 16:40:48,296 WARN exited: nginx (exit status 1; not expected)
2025-04-19 16:40:50,301 INFO spawned: 'nginx' with pid 11
2025-04-19 16:40:50,312 WARN exited: nginx (exit status 1; not expected)
2025-04-19 16:40:53,326 INFO spawned: 'nginx' with pid 12
2025-04-19 16:40:53,348 WARN exited: nginx (exit status 1; not expected)
2025-04-19 16:40:54,351 INFO gave up: nginx entered FATAL state, too many start retries too quickly
2025-04-20 05:51:12,468 CRIT Supervisor is running as root.  Privileges were not dropped because no user is specified in the config file.  If you intend to run as root, you can set user=root in the config file to avoid this message.
2025-04-20 05:51:12,483 INFO supervisord started with pid 1
2025-04-20 05:51:13,490 INFO spawned: 'nginx' with pid 7
2025-04-20 05:51:13,495 INFO spawned: 'php-fpm' with pid 8
2025-04-20 05:51:13,507 WARN exited: nginx (exit status 1; not expected)
2025-04-20 05:51:14,722 INFO spawned: 'nginx' with pid 11
2025-04-20 05:51:14,723 INFO success: php-fpm entered RUNNING state, process has stayed up for > than 1 seconds (startsecs)
2025-04-20 05:51:14,730 WARN exited: nginx (exit status 1; not expected)
2025-04-20 05:51:16,740 INFO spawned: 'nginx' with pid 12
2025-04-20 05:51:16,748 WARN exited: nginx (exit status 1; not expected)
2025-04-20 05:51:19,759 INFO spawned: 'nginx' with pid 13
2025-04-20 05:51:19,779 WARN exited: nginx (exit status 1; not expected)
2025-04-20 05:51:20,783 INFO gave up: nginx entered FATAL state, too many start retries too quickly
2025-04-20 07:15:23,767 WARN received SIGQUIT indicating exit request
2025-04-20 07:15:23,768 INFO waiting for php-fpm to die
2025-04-20 07:15:24,790 INFO stopped: php-fpm (exit status 0)
2025-04-20 07:15:37,651 CRIT Supervisor is running as root.  Privileges were not dropped because no user is specified in the config file.  If you intend to run as root, you can set user=root in the config file to avoid this message.
2025-04-20 07:15:37,658 INFO supervisord started with pid 1
2025-04-20 07:15:38,662 INFO spawned: 'nginx' with pid 7
2025-04-20 07:15:38,667 INFO spawned: 'php-fpm' with pid 8
2025-04-20 07:15:38,676 WARN exited: nginx (exit status 1; not expected)
2025-04-20 07:15:39,748 INFO spawned: 'nginx' with pid 11
2025-04-20 07:15:39,749 INFO success: php-fpm entered RUNNING state, process has stayed up for > than 1 seconds (startsecs)
2025-04-20 07:15:39,755 WARN exited: nginx (exit status 1; not expected)
2025-04-20 07:15:41,759 INFO spawned: 'nginx' with pid 12
2025-04-20 07:15:41,767 WARN exited: nginx (exit status 1; not expected)
2025-04-20 07:15:44,890 INFO spawned: 'nginx' with pid 13
2025-04-20 07:15:44,908 WARN exited: nginx (exit status 1; not expected)
2025-04-20 07:15:44,909 INFO gave up: nginx entered FATAL state, too many start retries too quickly
2025-04-20 07:40:11,544 WARN received SIGQUIT indicating exit request
2025-04-20 07:40:11,544 INFO waiting for php-fpm to die
2025-04-20 07:40:11,559 INFO stopped: php-fpm (exit status 0)
2025-04-20 07:40:23,538 CRIT Supervisor is running as root.  Privileges were not dropped because no user is specified in the config file.  If you intend to run as root, you can set user=root in the config file to avoid this message.
2025-04-20 07:40:23,547 INFO supervisord started with pid 1
2025-04-20 07:40:24,554 INFO spawned: 'nginx' with pid 7
2025-04-20 07:40:24,570 INFO spawned: 'php-fpm' with pid 8
2025-04-20 07:40:24,599 WARN exited: nginx (exit status 1; not expected)
2025-04-20 07:40:25,682 INFO spawned: 'nginx' with pid 11
2025-04-20 07:40:25,682 INFO success: php-fpm entered RUNNING state, process has stayed up for > than 1 seconds (startsecs)
2025-04-20 07:40:25,688 WARN exited: nginx (exit status 1; not expected)
2025-04-20 07:40:28,566 INFO spawned: 'nginx' with pid 12
2025-04-20 07:40:28,579 WARN exited: nginx (exit status 1; not expected)
2025-04-20 07:40:31,709 INFO spawned: 'nginx' with pid 13
2025-04-20 07:40:31,726 WARN exited: nginx (exit status 1; not expected)
2025-04-20 07:40:31,867 INFO gave up: nginx entered FATAL state, too many start retries too quickly
2025-04-20 09:18:44,313 WARN received SIGQUIT indicating exit request
2025-04-20 09:18:44,314 INFO waiting for php-fpm to die
2025-04-20 09:18:44,325 INFO stopped: php-fpm (exit status 0)
2025-04-20 09:18:55,760 CRIT Supervisor is running as root.  Privileges were not dropped because no user is specified in the config file.  If you intend to run as root, you can set user=root in the config file to avoid this message.
2025-04-20 09:18:55,769 INFO supervisord started with pid 1
2025-04-20 09:18:56,772 INFO spawned: 'nginx' with pid 7
2025-04-20 09:18:56,780 INFO spawned: 'php-fpm' with pid 8
2025-04-20 09:18:56,782 WARN exited: nginx (exit status 1; not expected)
2025-04-20 09:18:57,843 INFO spawned: 'nginx' with pid 11
2025-04-20 09:18:57,846 INFO success: php-fpm entered RUNNING state, process has stayed up for > than 1 seconds (startsecs)
2025-04-20 09:18:57,857 WARN exited: nginx (exit status 1; not expected)
2025-04-20 09:18:59,864 INFO spawned: 'nginx' with pid 12
2025-04-20 09:18:59,871 WARN exited: nginx (exit status 1; not expected)
2025-04-20 09:19:03,273 INFO spawned: 'nginx' with pid 13
2025-04-20 09:19:03,317 WARN exited: nginx (exit status 1; not expected)
2025-04-20 09:19:03,477 INFO gave up: nginx entered FATAL state, too many start retries too quickly
2025-04-20 13:55:36,050 WARN received SIGQUIT indicating exit request
2025-04-20 13:55:36,052 INFO waiting for php-fpm to die
2025-04-20 13:55:36,076 INFO stopped: php-fpm (exit status 0)
2025-04-20 13:55:50,120 CRIT Supervisor is running as root.  Privileges were not dropped because no user is specified in the config file.  If you intend to run as root, you can set user=root in the config file to avoid this message.
2025-04-20 13:55:50,135 INFO supervisord started with pid 1
2025-04-20 13:55:51,138 INFO spawned: 'nginx' with pid 7
2025-04-20 13:55:51,149 INFO spawned: 'php-fpm' with pid 8
2025-04-20 13:55:51,160 WARN exited: nginx (exit status 1; not expected)
2025-04-20 13:55:52,256 INFO spawned: 'nginx' with pid 11
2025-04-20 13:55:52,258 INFO success: php-fpm entered RUNNING state, process has stayed up for > than 1 seconds (startsecs)
2025-04-20 13:55:52,266 WARN exited: nginx (exit status 1; not expected)
2025-04-20 13:55:54,268 INFO spawned: 'nginx' with pid 12
2025-04-20 13:55:54,277 WARN exited: nginx (exit status 1; not expected)
2025-04-20 13:55:57,287 INFO spawned: 'nginx' with pid 13
2025-04-20 13:55:57,302 WARN exited: nginx (exit status 1; not expected)
2025-04-20 13:55:57,307 INFO gave up: nginx entered FATAL state, too many start retries too quickly
2025-04-21 07:10:37,296 CRIT Supervisor is running as root.  Privileges were not dropped because no user is specified in the config file.  If you intend to run as root, you can set user=root in the config file to avoid this message.
2025-04-21 07:10:37,317 INFO supervisord started with pid 1
2025-04-21 07:10:38,322 INFO spawned: 'nginx' with pid 8
2025-04-21 07:10:38,331 INFO spawned: 'php-fpm' with pid 9
2025-04-21 07:10:38,356 WARN exited: nginx (exit status 1; not expected)
2025-04-21 07:10:39,585 INFO spawned: 'nginx' with pid 12
2025-04-21 07:10:39,596 INFO success: php-fpm entered RUNNING state, process has stayed up for > than 1 seconds (startsecs)
2025-04-21 07:10:39,609 WARN exited: nginx (exit status 1; not expected)
2025-04-21 07:10:41,616 INFO spawned: 'nginx' with pid 13
2025-04-21 07:10:41,625 WARN exited: nginx (exit status 1; not expected)
2025-04-21 07:10:44,632 INFO spawned: 'nginx' with pid 14
2025-04-21 07:10:44,640 WARN exited: nginx (exit status 1; not expected)
2025-04-21 07:10:45,645 INFO gave up: nginx entered FATAL state, too many start retries too quickly
2025-04-22 06:47:24,310 CRIT Supervisor is running as root.  Privileges were not dropped because no user is specified in the config file.  If you intend to run as root, you can set user=root in the config file to avoid this message.
2025-04-22 06:47:24,328 INFO supervisord started with pid 1
2025-04-22 06:47:25,333 INFO spawned: 'nginx' with pid 7
2025-04-22 06:47:25,342 INFO spawned: 'php-fpm' with pid 8
2025-04-22 06:47:25,363 WARN exited: nginx (exit status 1; not expected)
2025-04-22 06:47:26,528 INFO spawned: 'nginx' with pid 11
2025-04-22 06:47:26,532 INFO success: php-fpm entered RUNNING state, process has stayed up for > than 1 seconds (startsecs)
2025-04-22 06:47:26,537 WARN exited: nginx (exit status 1; not expected)
2025-04-22 06:47:28,541 INFO spawned: 'nginx' with pid 12
2025-04-22 06:47:28,553 WARN exited: nginx (exit status 1; not expected)
2025-04-22 06:47:32,445 INFO spawned: 'nginx' with pid 13
2025-04-22 06:47:32,456 WARN exited: nginx (exit status 1; not expected)
2025-04-22 06:47:32,639 INFO gave up: nginx entered FATAL state, too many start retries too quickly
2025-04-22 07:11:04,111 WARN received SIGQUIT indicating exit request
2025-04-22 07:11:04,112 INFO waiting for php-fpm to die
2025-04-22 07:11:04,123 INFO stopped: php-fpm (exit status 0)
2025-04-22 07:11:21,384 CRIT Supervisor is running as root.  Privileges were not dropped because no user is specified in the config file.  If you intend to run as root, you can set user=root in the config file to avoid this message.
2025-04-22 07:11:21,398 INFO supervisord started with pid 1
2025-04-22 07:11:22,404 INFO spawned: 'nginx' with pid 7
2025-04-22 07:11:22,410 INFO spawned: 'php-fpm' with pid 8
2025-04-22 07:11:22,419 WARN exited: nginx (exit status 1; not expected)
2025-04-22 07:11:23,489 INFO spawned: 'nginx' with pid 11
2025-04-22 07:11:23,489 INFO success: php-fpm entered RUNNING state, process has stayed up for > than 1 seconds (startsecs)
2025-04-22 07:11:23,496 WARN exited: nginx (exit status 1; not expected)
2025-04-22 07:11:25,500 INFO spawned: 'nginx' with pid 12
2025-04-22 07:11:25,506 WARN exited: nginx (exit status 1; not expected)
2025-04-22 07:11:28,515 INFO spawned: 'nginx' with pid 13
2025-04-22 07:11:28,524 WARN exited: nginx (exit status 1; not expected)
2025-04-22 07:11:28,525 INFO gave up: nginx entered FATAL state, too many start retries too quickly
2025-04-23 11:03:10,180 CRIT Supervisor is running as root.  Privileges were not dropped because no user is specified in the config file.  If you intend to run as root, you can set user=root in the config file to avoid this message.
2025-04-23 11:03:10,207 INFO supervisord started with pid 1
2025-04-23 11:03:11,218 INFO spawned: 'nginx' with pid 7
2025-04-23 11:03:11,236 INFO spawned: 'php-fpm' with pid 8
2025-04-23 11:03:11,281 WARN exited: nginx (exit status 1; not expected)
2025-04-23 11:03:12,557 INFO spawned: 'nginx' with pid 11
2025-04-23 11:03:12,561 INFO success: php-fpm entered RUNNING state, process has stayed up for > than 1 seconds (startsecs)
2025-04-23 11:03:12,566 WARN exited: nginx (exit status 1; not expected)
2025-04-23 11:03:14,573 INFO spawned: 'nginx' with pid 12
2025-04-23 11:03:14,580 WARN exited: nginx (exit status 1; not expected)
2025-04-23 11:03:17,591 INFO spawned: 'nginx' with pid 13
2025-04-23 11:03:17,600 WARN exited: nginx (exit status 1; not expected)
2025-04-23 11:03:18,603 INFO gave up: nginx entered FATAL state, too many start retries too quickly
2025-04-23 11:28:23,540 WARN received SIGQUIT indicating exit request
2025-04-23 11:28:23,544 INFO waiting for php-fpm to die
2025-04-23 11:28:24,563 INFO stopped: php-fpm (exit status 0)
2025-04-23 11:28:36,024 CRIT Supervisor is running as root.  Privileges were not dropped because no user is specified in the config file.  If you intend to run as root, you can set user=root in the config file to avoid this message.
2025-04-23 11:28:36,035 INFO supervisord started with pid 1
2025-04-23 11:28:37,042 INFO spawned: 'nginx' with pid 7
2025-04-23 11:28:37,050 INFO spawned: 'php-fpm' with pid 8
2025-04-23 11:28:37,063 WARN exited: nginx (exit status 1; not expected)
2025-04-23 11:28:38,168 INFO spawned: 'nginx' with pid 11
2025-04-23 11:28:38,169 INFO success: php-fpm entered RUNNING state, process has stayed up for > than 1 seconds (startsecs)
2025-04-23 11:28:38,175 WARN exited: nginx (exit status 1; not expected)
2025-04-23 11:28:40,732 INFO spawned: 'nginx' with pid 12
2025-04-23 11:28:40,739 WARN exited: nginx (exit status 1; not expected)
2025-04-23 11:28:43,746 INFO spawned: 'nginx' with pid 13
2025-04-23 11:28:43,755 WARN exited: nginx (exit status 1; not expected)
2025-04-23 11:28:43,756 INFO gave up: nginx entered FATAL state, too many start retries too quickly
2025-04-23 12:06:15,421 WARN received SIGQUIT indicating exit request
2025-04-23 12:06:15,422 INFO waiting for php-fpm to die
2025-04-23 12:06:15,437 INFO stopped: php-fpm (exit status 0)
2025-04-23 12:06:29,602 CRIT Supervisor is running as root.  Privileges were not dropped because no user is specified in the config file.  If you intend to run as root, you can set user=root in the config file to avoid this message.
2025-04-23 12:06:29,610 INFO supervisord started with pid 1
2025-04-23 12:06:30,615 INFO spawned: 'nginx' with pid 7
2025-04-23 12:06:30,620 INFO spawned: 'php-fpm' with pid 8
2025-04-23 12:06:30,629 WARN exited: nginx (exit status 1; not expected)
2025-04-23 12:06:31,699 INFO spawned: 'nginx' with pid 11
2025-04-23 12:06:31,700 INFO success: php-fpm entered RUNNING state, process has stayed up for > than 1 seconds (startsecs)
2025-04-23 12:06:31,712 WARN exited: nginx (exit status 1; not expected)
2025-04-23 12:06:33,717 INFO spawned: 'nginx' with pid 12
2025-04-23 12:06:33,724 WARN exited: nginx (exit status 1; not expected)
2025-04-23 12:06:36,735 INFO spawned: 'nginx' with pid 13
2025-04-23 12:06:36,743 WARN exited: nginx (exit status 1; not expected)
2025-04-23 12:06:37,746 INFO gave up: nginx entered FATAL state, too many start retries too quickly
2025-04-23 12:11:07,882 WARN received SIGQUIT indicating exit request
2025-04-23 12:11:07,882 INFO waiting for php-fpm to die
2025-04-23 12:11:07,890 INFO stopped: php-fpm (exit status 0)
2025-04-23 12:11:21,304 CRIT Supervisor is running as root.  Privileges were not dropped because no user is specified in the config file.  If you intend to run as root, you can set user=root in the config file to avoid this message.
2025-04-23 12:11:21,313 INFO supervisord started with pid 1
2025-04-23 12:11:22,318 INFO spawned: 'nginx' with pid 7
2025-04-23 12:11:22,321 INFO spawned: 'php-fpm' with pid 8
2025-04-23 12:11:22,326 WARN exited: nginx (exit status 1; not expected)
2025-04-23 12:11:23,392 INFO spawned: 'nginx' with pid 11
2025-04-23 12:11:23,396 INFO success: php-fpm entered RUNNING state, process has stayed up for > than 1 seconds (startsecs)
2025-04-23 12:11:23,408 WARN exited: nginx (exit status 1; not expected)
2025-04-23 12:11:25,415 INFO spawned: 'nginx' with pid 12
2025-04-23 12:11:25,423 WARN exited: nginx (exit status 1; not expected)
2025-04-23 12:11:28,432 INFO spawned: 'nginx' with pid 13
2025-04-23 12:11:28,447 WARN exited: nginx (exit status 1; not expected)
2025-04-23 12:11:29,450 INFO gave up: nginx entered FATAL state, too many start retries too quickly
2025-04-23 12:12:47,602 WARN received SIGQUIT indicating exit request
2025-04-23 12:12:47,605 INFO waiting for php-fpm to die
2025-04-23 12:12:47,621 INFO stopped: php-fpm (exit status 0)
2025-04-23 12:13:00,665 CRIT Supervisor is running as root.  Privileges were not dropped because no user is specified in the config file.  If you intend to run as root, you can set user=root in the config file to avoid this message.
2025-04-23 12:13:00,675 INFO supervisord started with pid 1
2025-04-23 12:13:01,678 INFO spawned: 'nginx' with pid 7
2025-04-23 12:13:01,681 INFO spawned: 'php-fpm' with pid 8
2025-04-23 12:13:01,685 WARN exited: nginx (exit status 1; not expected)
2025-04-23 12:13:02,739 INFO spawned: 'nginx' with pid 11
2025-04-23 12:13:02,740 INFO success: php-fpm entered RUNNING state, process has stayed up for > than 1 seconds (startsecs)
2025-04-23 12:13:02,746 WARN exited: nginx (exit status 1; not expected)
2025-04-23 12:13:04,750 INFO spawned: 'nginx' with pid 12
2025-04-23 12:13:04,763 WARN exited: nginx (exit status 1; not expected)
2025-04-23 12:13:07,772 INFO spawned: 'nginx' with pid 13
2025-04-23 12:13:07,791 WARN exited: nginx (exit status 1; not expected)
2025-04-23 12:13:08,793 INFO gave up: nginx entered FATAL state, too many start retries too quickly
2025-04-23 12:54:50,392 WARN received SIGQUIT indicating exit request
2025-04-23 12:54:50,393 INFO waiting for php-fpm to die
2025-04-23 12:54:50,409 INFO stopped: php-fpm (exit status 0)
2025-04-23 12:55:03,202 CRIT Supervisor is running as root.  Privileges were not dropped because no user is specified in the config file.  If you intend to run as root, you can set user=root in the config file to avoid this message.
2025-04-23 12:55:03,216 INFO supervisord started with pid 1
2025-04-23 12:55:04,220 INFO spawned: 'nginx' with pid 6
2025-04-23 12:55:04,224 INFO spawned: 'php-fpm' with pid 7
2025-04-23 12:55:04,229 WARN exited: nginx (exit status 1; not expected)
2025-04-23 12:55:05,289 INFO spawned: 'nginx' with pid 10
2025-04-23 12:55:05,292 INFO success: php-fpm entered RUNNING state, process has stayed up for > than 1 seconds (startsecs)
2025-04-23 12:55:05,296 WARN exited: nginx (exit status 1; not expected)
2025-04-23 12:55:07,302 INFO spawned: 'nginx' with pid 11
2025-04-23 12:55:07,309 WARN exited: nginx (exit status 1; not expected)
2025-04-23 12:55:10,315 INFO spawned: 'nginx' with pid 12
2025-04-23 12:55:10,323 WARN exited: nginx (exit status 1; not expected)
2025-04-23 12:55:10,448 INFO gave up: nginx entered FATAL state, too many start retries too quickly
2025-04-23 12:55:37,827 WARN received SIGQUIT indicating exit request
2025-04-23 12:55:37,829 INFO waiting for php-fpm to die
2025-04-23 12:55:37,843 INFO stopped: php-fpm (exit status 0)
2025-04-23 12:55:53,153 CRIT Supervisor is running as root.  Privileges were not dropped because no user is specified in the config file.  If you intend to run as root, you can set user=root in the config file to avoid this message.
2025-04-23 12:55:53,175 INFO supervisord started with pid 1
2025-04-23 12:55:54,181 INFO spawned: 'nginx' with pid 7
2025-04-23 12:55:54,189 INFO spawned: 'php-fpm' with pid 8
2025-04-23 12:55:54,204 WARN exited: nginx (exit status 1; not expected)
2025-04-23 12:55:55,268 INFO spawned: 'nginx' with pid 11
2025-04-23 12:55:55,271 INFO success: php-fpm entered RUNNING state, process has stayed up for > than 1 seconds (startsecs)
2025-04-23 12:55:55,275 WARN exited: nginx (exit status 1; not expected)
2025-04-23 12:55:57,281 INFO spawned: 'nginx' with pid 12
2025-04-23 12:55:57,297 WARN exited: nginx (exit status 1; not expected)
2025-04-23 12:56:00,305 INFO spawned: 'nginx' with pid 13
2025-04-23 12:56:00,314 WARN exited: nginx (exit status 1; not expected)
2025-04-23 12:56:01,318 INFO gave up: nginx entered FATAL state, too many start retries too quickly
2025-04-23 13:13:04,601 WARN received SIGQUIT indicating exit request
2025-04-23 13:13:04,602 INFO waiting for php-fpm to die
2025-04-23 13:13:04,610 INFO stopped: php-fpm (exit status 0)
2025-04-23 13:13:16,612 CRIT Supervisor is running as root.  Privileges were not dropped because no user is specified in the config file.  If you intend to run as root, you can set user=root in the config file to avoid this message.
2025-04-23 13:13:16,624 INFO supervisord started with pid 1
2025-04-23 13:13:17,632 INFO spawned: 'nginx' with pid 7
2025-04-23 13:13:17,642 INFO spawned: 'php-fpm' with pid 8
2025-04-23 13:13:17,651 WARN exited: nginx (exit status 1; not expected)
2025-04-23 13:13:18,719 INFO spawned: 'nginx' with pid 11
2025-04-23 13:13:18,725 INFO success: php-fpm entered RUNNING state, process has stayed up for > than 1 seconds (startsecs)
2025-04-23 13:13:18,728 WARN exited: nginx (exit status 1; not expected)
2025-04-23 13:13:20,732 INFO spawned: 'nginx' with pid 12
2025-04-23 13:13:20,740 WARN exited: nginx (exit status 1; not expected)
2025-04-23 13:13:23,747 INFO spawned: 'nginx' with pid 13
2025-04-23 13:13:23,755 WARN exited: nginx (exit status 1; not expected)
2025-04-23 13:13:23,940 INFO gave up: nginx entered FATAL state, too many start retries too quickly
2025-04-23 13:27:36,235 WARN received SIGQUIT indicating exit request
2025-04-23 13:27:36,236 INFO waiting for php-fpm to die
2025-04-23 13:27:36,244 INFO stopped: php-fpm (exit status 0)
2025-04-23 13:27:48,693 CRIT Supervisor is running as root.  Privileges were not dropped because no user is specified in the config file.  If you intend to run as root, you can set user=root in the config file to avoid this message.
2025-04-23 13:27:48,702 INFO supervisord started with pid 1
2025-04-23 13:27:49,706 INFO spawned: 'nginx' with pid 7
2025-04-23 13:27:49,713 INFO spawned: 'php-fpm' with pid 8
2025-04-23 13:27:49,734 WARN exited: nginx (exit status 1; not expected)
2025-04-23 13:27:50,800 INFO spawned: 'nginx' with pid 11
2025-04-23 13:27:50,803 INFO success: php-fpm entered RUNNING state, process has stayed up for > than 1 seconds (startsecs)
2025-04-23 13:27:50,807 WARN exited: nginx (exit status 1; not expected)
2025-04-23 13:27:52,810 INFO spawned: 'nginx' with pid 12
2025-04-23 13:27:52,818 WARN exited: nginx (exit status 1; not expected)
2025-04-23 13:27:55,827 INFO spawned: 'nginx' with pid 13
2025-04-23 13:27:55,841 WARN exited: nginx (exit status 1; not expected)
2025-04-23 13:27:56,843 INFO gave up: nginx entered FATAL state, too many start retries too quickly
2025-04-24 06:58:25,579 CRIT Supervisor is running as root.  Privileges were not dropped because no user is specified in the config file.  If you intend to run as root, you can set user=root in the config file to avoid this message.
2025-04-24 06:58:25,593 INFO supervisord started with pid 1
2025-04-24 06:58:26,600 INFO spawned: 'nginx' with pid 7
2025-04-24 06:58:26,608 INFO spawned: 'php-fpm' with pid 8
2025-04-24 06:58:26,626 WARN exited: nginx (exit status 1; not expected)
2025-04-24 06:58:27,818 INFO spawned: 'nginx' with pid 11
2025-04-24 06:58:27,821 INFO success: php-fpm entered RUNNING state, process has stayed up for > than 1 seconds (startsecs)
2025-04-24 06:58:27,828 WARN exited: nginx (exit status 1; not expected)
2025-04-24 06:58:30,748 INFO spawned: 'nginx' with pid 12
2025-04-24 06:58:30,758 WARN exited: nginx (exit status 1; not expected)
2025-04-24 06:58:33,769 INFO spawned: 'nginx' with pid 13
2025-04-24 06:58:33,786 WARN exited: nginx (exit status 1; not expected)
2025-04-24 06:58:34,789 INFO gave up: nginx entered FATAL state, too many start retries too quickly
2025-04-26 17:33:51,293 CRIT Supervisor is running as root.  Privileges were not dropped because no user is specified in the config file.  If you intend to run as root, you can set user=root in the config file to avoid this message.
2025-04-26 17:33:51,303 INFO supervisord started with pid 1
2025-04-26 17:33:52,312 INFO spawned: 'nginx' with pid 7
2025-04-26 17:33:52,319 INFO spawned: 'php-fpm' with pid 8
2025-04-26 17:33:52,342 WARN exited: nginx (exit status 1; not expected)
2025-04-26 17:33:53,528 INFO spawned: 'nginx' with pid 11
2025-04-26 17:33:53,531 INFO success: php-fpm entered RUNNING state, process has stayed up for > than 1 seconds (startsecs)
2025-04-26 17:33:53,537 WARN exited: nginx (exit status 1; not expected)
2025-04-26 17:33:55,545 INFO spawned: 'nginx' with pid 12
2025-04-26 17:33:55,562 WARN exited: nginx (exit status 1; not expected)
2025-04-26 17:33:58,573 INFO spawned: 'nginx' with pid 13
2025-04-26 17:33:58,590 WARN exited: nginx (exit status 1; not expected)
2025-04-26 17:33:59,592 INFO gave up: nginx entered FATAL state, too many start retries too quickly
2025-04-26 17:46:31,131 INFO reaped unknown pid 259 (exit status 0)
2025-04-26 18:33:35,270 INFO reaped unknown pid 1184 (exit status 0)
2025-04-26 18:37:01,670 INFO reaped unknown pid 1263 (exit status 0)
2025-04-26 18:37:28,720 INFO reaped unknown pid 1295 (exit status 0)
2025-04-27 07:38:27,364 CRIT Supervisor is running as root.  Privileges were not dropped because no user is specified in the config file.  If you intend to run as root, you can set user=root in the config file to avoid this message.
2025-04-27 07:38:27,372 INFO supervisord started with pid 1
2025-04-27 07:38:28,379 INFO spawned: 'nginx' with pid 6
2025-04-27 07:38:28,383 INFO spawned: 'php-fpm' with pid 7
2025-04-27 07:38:28,401 WARN exited: nginx (exit status 1; not expected)
2025-04-27 07:38:29,602 INFO spawned: 'nginx' with pid 10
2025-04-27 07:38:29,605 INFO success: php-fpm entered RUNNING state, process has stayed up for > than 1 seconds (startsecs)
2025-04-27 07:38:29,609 WARN exited: nginx (exit status 1; not expected)
2025-04-27 07:38:31,614 INFO spawned: 'nginx' with pid 11
2025-04-27 07:38:31,630 WARN exited: nginx (exit status 1; not expected)
2025-04-27 07:38:34,642 INFO spawned: 'nginx' with pid 12
2025-04-27 07:38:34,671 WARN exited: nginx (exit status 1; not expected)
2025-04-27 07:38:35,678 INFO gave up: nginx entered FATAL state, too many start retries too quickly
2025-04-27 08:27:19,280 WARN received SIGQUIT indicating exit request
2025-04-27 08:27:19,280 INFO waiting for php-fpm to die
2025-04-27 08:27:19,289 INFO stopped: php-fpm (exit status 0)
2025-04-27 08:27:33,595 CRIT Supervisor is running as root.  Privileges were not dropped because no user is specified in the config file.  If you intend to run as root, you can set user=root in the config file to avoid this message.
2025-04-27 08:27:33,610 INFO supervisord started with pid 1
2025-04-27 08:27:34,620 INFO spawned: 'nginx' with pid 7
2025-04-27 08:27:34,626 INFO spawned: 'php-fpm' with pid 8
2025-04-27 08:27:34,632 WARN exited: nginx (exit status 1; not expected)
2025-04-27 08:27:35,701 INFO spawned: 'nginx' with pid 11
2025-04-27 08:27:35,702 INFO success: php-fpm entered RUNNING state, process has stayed up for > than 1 seconds (startsecs)
2025-04-27 08:27:35,708 WARN exited: nginx (exit status 1; not expected)
2025-04-27 08:27:37,715 INFO spawned: 'nginx' with pid 12
2025-04-27 08:27:37,722 WARN exited: nginx (exit status 1; not expected)
2025-04-27 08:27:40,732 INFO spawned: 'nginx' with pid 13
2025-04-27 08:27:40,758 WARN exited: nginx (exit status 1; not expected)
2025-04-27 08:27:41,763 INFO gave up: nginx entered FATAL state, too many start retries too quickly
2025-04-28 07:45:12,885 CRIT Supervisor is running as root.  Privileges were not dropped because no user is specified in the config file.  If you intend to run as root, you can set user=root in the config file to avoid this message.
2025-04-28 07:45:12,894 INFO supervisord started with pid 1
2025-04-28 07:45:13,899 INFO spawned: 'nginx' with pid 6
2025-04-28 07:45:13,906 INFO spawned: 'php-fpm' with pid 7
2025-04-28 07:45:13,925 WARN exited: nginx (exit status 1; not expected)
2025-04-28 07:45:15,124 INFO spawned: 'nginx' with pid 10
2025-04-28 07:45:15,129 INFO success: php-fpm entered RUNNING state, process has stayed up for > than 1 seconds (startsecs)
2025-04-28 07:45:15,142 WARN exited: nginx (exit status 1; not expected)
2025-04-28 07:45:17,146 INFO spawned: 'nginx' with pid 11
2025-04-28 07:45:17,155 WARN exited: nginx (exit status 1; not expected)
2025-04-28 07:45:20,162 INFO spawned: 'nginx' with pid 12
2025-04-28 07:45:20,169 WARN exited: nginx (exit status 1; not expected)
2025-04-28 07:45:21,171 INFO gave up: nginx entered FATAL state, too many start retries too quickly
2025-04-28 10:59:31,259 INFO reaped unknown pid 3140 (exit status 0)
2025-04-28 17:00:49,601 INFO reaped unknown pid 9143 (exit status 0)
2025-04-28 20:51:40,826 CRIT Supervisor is running as root.  Privileges were not dropped because no user is specified in the config file.  If you intend to run as root, you can set user=root in the config file to avoid this message.
2025-04-28 20:51:40,843 INFO supervisord started with pid 1
2025-04-28 20:51:41,850 INFO spawned: 'nginx' with pid 7
2025-04-28 20:51:41,857 INFO spawned: 'php-fpm' with pid 8
2025-04-28 20:51:41,878 WARN exited: nginx (exit status 1; not expected)
2025-04-28 20:51:43,154 INFO spawned: 'nginx' with pid 11
2025-04-28 20:51:43,155 INFO success: php-fpm entered RUNNING state, process has stayed up for > than 1 seconds (startsecs)
2025-04-28 20:51:43,161 WARN exited: nginx (exit status 1; not expected)
2025-04-28 20:51:45,165 INFO spawned: 'nginx' with pid 12
2025-04-28 20:51:45,179 WARN exited: nginx (exit status 1; not expected)
2025-04-28 20:51:48,194 INFO spawned: 'nginx' with pid 13
2025-04-28 20:51:48,203 WARN exited: nginx (exit status 1; not expected)
2025-04-28 20:51:49,205 INFO gave up: nginx entered FATAL state, too many start retries too quickly
2025-04-29 07:01:32,007 CRIT Supervisor is running as root.  Privileges were not dropped because no user is specified in the config file.  If you intend to run as root, you can set user=root in the config file to avoid this message.
2025-04-29 07:01:32,017 INFO supervisord started with pid 1
2025-04-29 07:01:33,026 INFO spawned: 'nginx' with pid 6
2025-04-29 07:01:33,034 INFO spawned: 'php-fpm' with pid 7
2025-04-29 07:01:33,056 WARN exited: nginx (exit status 1; not expected)
2025-04-29 07:01:34,297 INFO spawned: 'nginx' with pid 10
2025-04-29 07:01:34,299 INFO success: php-fpm entered RUNNING state, process has stayed up for > than 1 seconds (startsecs)
2025-04-29 07:01:34,304 WARN exited: nginx (exit status 1; not expected)
2025-04-29 07:01:36,307 INFO spawned: 'nginx' with pid 11
2025-04-29 07:01:36,320 WARN exited: nginx (exit status 1; not expected)
2025-04-29 07:01:39,329 INFO spawned: 'nginx' with pid 12
2025-04-29 07:01:39,346 WARN exited: nginx (exit status 1; not expected)
2025-04-29 07:01:40,350 INFO gave up: nginx entered FATAL state, too many start retries too quickly
2025-04-29 09:13:26,464 WARN received SIGQUIT indicating exit request
2025-04-29 09:13:26,465 INFO waiting for php-fpm to die
2025-04-29 09:13:26,481 INFO stopped: php-fpm (exit status 0)
2025-04-29 09:14:08,107 CRIT Supervisor is running as root.  Privileges were not dropped because no user is specified in the config file.  If you intend to run as root, you can set user=root in the config file to avoid this message.
2025-04-29 09:14:08,112 INFO supervisord started with pid 1
2025-04-29 09:14:09,116 INFO spawned: 'nginx' with pid 7
2025-04-29 09:14:09,122 INFO spawned: 'php-fpm' with pid 8
2025-04-29 09:14:09,132 WARN exited: nginx (exit status 1; not expected)
2025-04-29 09:14:10,228 INFO spawned: 'nginx' with pid 11
2025-04-29 09:14:10,230 INFO success: php-fpm entered RUNNING state, process has stayed up for > than 1 seconds (startsecs)
2025-04-29 09:14:10,235 WARN exited: nginx (exit status 1; not expected)
2025-04-29 09:14:12,240 INFO spawned: 'nginx' with pid 12
2025-04-29 09:14:12,251 WARN exited: nginx (exit status 1; not expected)
2025-04-29 09:14:16,107 INFO spawned: 'nginx' with pid 13
2025-04-29 09:14:16,120 WARN exited: nginx (exit status 1; not expected)
2025-04-29 09:14:16,121 INFO gave up: nginx entered FATAL state, too many start retries too quickly
2025-04-29 14:07:56,132 WARN received SIGQUIT indicating exit request
2025-04-29 14:07:56,133 INFO waiting for php-fpm to die
2025-04-29 14:07:56,148 INFO stopped: php-fpm (exit status 0)
2025-04-29 14:08:15,100 CRIT Supervisor is running as root.  Privileges were not dropped because no user is specified in the config file.  If you intend to run as root, you can set user=root in the config file to avoid this message.
2025-04-29 14:08:15,115 INFO supervisord started with pid 1
2025-04-29 14:08:16,118 INFO spawned: 'nginx' with pid 7
2025-04-29 14:08:16,123 INFO spawned: 'php-fpm' with pid 8
2025-04-29 14:08:16,135 WARN exited: nginx (exit status 1; not expected)
2025-04-29 14:08:17,191 INFO spawned: 'nginx' with pid 11
2025-04-29 14:08:17,192 INFO success: php-fpm entered RUNNING state, process has stayed up for > than 1 seconds (startsecs)
2025-04-29 14:08:17,198 WARN exited: nginx (exit status 1; not expected)
2025-04-29 14:08:19,203 INFO spawned: 'nginx' with pid 12
2025-04-29 14:08:19,210 WARN exited: nginx (exit status 1; not expected)
2025-04-29 14:08:22,220 INFO spawned: 'nginx' with pid 13
2025-04-29 14:08:22,234 WARN exited: nginx (exit status 1; not expected)
2025-04-29 14:08:22,927 INFO gave up: nginx entered FATAL state, too many start retries too quickly
2025-04-29 14:12:01,078 WARN received SIGQUIT indicating exit request
2025-04-29 14:12:01,079 INFO waiting for php-fpm to die
2025-04-29 14:12:01,087 INFO stopped: php-fpm (exit status 0)
2025-04-29 14:12:14,684 CRIT Supervisor is running as root.  Privileges were not dropped because no user is specified in the config file.  If you intend to run as root, you can set user=root in the config file to avoid this message.
2025-04-29 14:12:14,691 INFO supervisord started with pid 1
2025-04-29 14:12:15,696 INFO spawned: 'nginx' with pid 7
2025-04-29 14:12:15,702 INFO spawned: 'php-fpm' with pid 8
2025-04-29 14:12:15,711 WARN exited: nginx (exit status 1; not expected)
2025-04-29 14:12:16,778 INFO spawned: 'nginx' with pid 11
2025-04-29 14:12:16,779 INFO success: php-fpm entered RUNNING state, process has stayed up for > than 1 seconds (startsecs)
2025-04-29 14:12:16,789 WARN exited: nginx (exit status 1; not expected)
2025-04-29 14:12:18,795 INFO spawned: 'nginx' with pid 12
2025-04-29 14:12:18,804 WARN exited: nginx (exit status 1; not expected)
2025-04-29 14:12:22,250 INFO spawned: 'nginx' with pid 13
2025-04-29 14:12:22,267 WARN exited: nginx (exit status 1; not expected)
2025-04-29 14:12:23,269 INFO gave up: nginx entered FATAL state, too many start retries too quickly
2025-04-29 15:12:10,739 WARN received SIGQUIT indicating exit request
2025-04-29 15:12:10,740 INFO waiting for php-fpm to die
2025-04-29 15:12:10,751 INFO stopped: php-fpm (exit status 0)
2025-04-29 15:12:23,260 CRIT Supervisor is running as root.  Privileges were not dropped because no user is specified in the config file.  If you intend to run as root, you can set user=root in the config file to avoid this message.
2025-04-29 15:12:23,283 INFO supervisord started with pid 1
2025-04-29 15:12:24,289 INFO spawned: 'nginx' with pid 7
2025-04-29 15:12:24,295 INFO spawned: 'php-fpm' with pid 8
2025-04-29 15:12:24,311 WARN exited: nginx (exit status 1; not expected)
2025-04-29 15:12:25,363 INFO spawned: 'nginx' with pid 11
2025-04-29 15:12:25,366 INFO success: php-fpm entered RUNNING state, process has stayed up for > than 1 seconds (startsecs)
2025-04-29 15:12:25,371 WARN exited: nginx (exit status 1; not expected)
2025-04-29 15:12:27,376 INFO spawned: 'nginx' with pid 12
2025-04-29 15:12:27,389 WARN exited: nginx (exit status 1; not expected)
2025-04-29 15:12:30,398 INFO spawned: 'nginx' with pid 13
2025-04-29 15:12:30,406 WARN exited: nginx (exit status 1; not expected)
2025-04-29 15:12:31,415 INFO gave up: nginx entered FATAL state, too many start retries too quickly
2025-04-29 15:51:56,477 WARN received SIGQUIT indicating exit request
2025-04-29 15:51:56,478 INFO waiting for php-fpm to die
2025-04-29 15:51:56,497 INFO stopped: php-fpm (exit status 0)
2025-04-29 15:52:08,870 CRIT Supervisor is running as root.  Privileges were not dropped because no user is specified in the config file.  If you intend to run as root, you can set user=root in the config file to avoid this message.
2025-04-29 15:52:08,899 INFO supervisord started with pid 1
2025-04-29 15:52:09,915 INFO spawned: 'nginx' with pid 7
2025-04-29 15:52:09,921 INFO spawned: 'php-fpm' with pid 8
2025-04-29 15:52:09,930 WARN exited: nginx (exit status 1; not expected)
2025-04-29 15:52:11,004 INFO spawned: 'nginx' with pid 11
2025-04-29 15:52:11,005 INFO success: php-fpm entered RUNNING state, process has stayed up for > than 1 seconds (startsecs)
2025-04-29 15:52:11,013 WARN exited: nginx (exit status 1; not expected)
2025-04-29 15:52:13,018 INFO spawned: 'nginx' with pid 12
2025-04-29 15:52:13,032 WARN exited: nginx (exit status 1; not expected)
2025-04-29 15:52:16,042 INFO spawned: 'nginx' with pid 13
2025-04-29 15:52:16,050 WARN exited: nginx (exit status 1; not expected)
2025-04-29 15:52:17,053 INFO gave up: nginx entered FATAL state, too many start retries too quickly
2025-04-29 16:38:23,740 WARN received SIGQUIT indicating exit request
2025-04-29 16:38:23,740 INFO waiting for php-fpm to die
2025-04-29 16:38:23,751 INFO stopped: php-fpm (exit status 0)
2025-04-29 16:38:36,435 CRIT Supervisor is running as root.  Privileges were not dropped because no user is specified in the config file.  If you intend to run as root, you can set user=root in the config file to avoid this message.
2025-04-29 16:38:36,445 INFO supervisord started with pid 1
2025-04-29 16:38:37,449 INFO spawned: 'nginx' with pid 7
2025-04-29 16:38:37,456 INFO spawned: 'php-fpm' with pid 8
2025-04-29 16:38:37,470 WARN exited: nginx (exit status 1; not expected)
2025-04-29 16:38:38,578 INFO spawned: 'nginx' with pid 11
2025-04-29 16:38:38,580 INFO success: php-fpm entered RUNNING state, process has stayed up for > than 1 seconds (startsecs)
2025-04-29 16:38:38,585 WARN exited: nginx (exit status 1; not expected)
2025-04-29 16:38:40,593 INFO spawned: 'nginx' with pid 12
2025-04-29 16:38:40,604 WARN exited: nginx (exit status 1; not expected)
2025-04-29 16:38:43,614 INFO spawned: 'nginx' with pid 13
2025-04-29 16:38:43,629 WARN exited: nginx (exit status 1; not expected)
2025-04-29 16:38:44,632 INFO gave up: nginx entered FATAL state, too many start retries too quickly
2025-04-29 16:39:59,444 WARN received SIGQUIT indicating exit request
2025-04-29 16:39:59,445 INFO waiting for php-fpm to die
2025-04-29 16:39:59,460 INFO stopped: php-fpm (exit status 0)
2025-04-29 16:40:37,002 CRIT Supervisor is running as root.  Privileges were not dropped because no user is specified in the config file.  If you intend to run as root, you can set user=root in the config file to avoid this message.
2025-04-29 16:40:37,022 INFO supervisord started with pid 1
2025-04-29 16:40:38,031 INFO spawned: 'nginx' with pid 7
2025-04-29 16:40:38,037 INFO spawned: 'php-fpm' with pid 8
2025-04-29 16:40:38,045 WARN exited: nginx (exit status 1; not expected)
2025-04-29 16:40:39,123 INFO spawned: 'nginx' with pid 11
2025-04-29 16:40:39,129 INFO success: php-fpm entered RUNNING state, process has stayed up for > than 1 seconds (startsecs)
2025-04-29 16:40:39,133 WARN exited: nginx (exit status 1; not expected)
2025-04-29 16:40:41,140 INFO spawned: 'nginx' with pid 12
2025-04-29 16:40:41,149 WARN exited: nginx (exit status 1; not expected)
2025-04-29 16:40:44,191 INFO spawned: 'nginx' with pid 13
2025-04-29 16:40:44,205 WARN exited: nginx (exit status 1; not expected)
2025-04-29 16:40:45,207 INFO gave up: nginx entered FATAL state, too many start retries too quickly
2025-04-30 06:03:29,694 CRIT Supervisor is running as root.  Privileges were not dropped because no user is specified in the config file.  If you intend to run as root, you can set user=root in the config file to avoid this message.
2025-04-30 06:03:29,707 INFO supervisord started with pid 1
2025-04-30 06:03:30,712 INFO spawned: 'nginx' with pid 6
2025-04-30 06:03:30,716 INFO spawned: 'php-fpm' with pid 7
2025-04-30 06:03:30,734 WARN exited: nginx (exit status 1; not expected)
2025-04-30 06:03:32,080 INFO spawned: 'nginx' with pid 10
2025-04-30 06:03:32,081 INFO success: php-fpm entered RUNNING state, process has stayed up for > than 1 seconds (startsecs)
2025-04-30 06:03:32,088 WARN exited: nginx (exit status 1; not expected)
2025-04-30 06:03:34,092 INFO spawned: 'nginx' with pid 11
2025-04-30 06:03:34,100 WARN exited: nginx (exit status 1; not expected)
2025-04-30 06:03:37,110 INFO spawned: 'nginx' with pid 12
2025-04-30 06:03:37,118 WARN exited: nginx (exit status 1; not expected)
2025-04-30 06:03:38,120 INFO gave up: nginx entered FATAL state, too many start retries too quickly
2025-04-30 08:15:46,174 WARN received SIGQUIT indicating exit request
2025-04-30 08:15:46,175 INFO waiting for php-fpm to die
2025-04-30 08:15:46,196 INFO stopped: php-fpm (exit status 0)
2025-04-30 08:15:59,164 CRIT Supervisor is running as root.  Privileges were not dropped because no user is specified in the config file.  If you intend to run as root, you can set user=root in the config file to avoid this message.
2025-04-30 08:15:59,180 INFO supervisord started with pid 1
2025-04-30 08:16:00,185 INFO spawned: 'nginx' with pid 7
2025-04-30 08:16:00,190 INFO spawned: 'php-fpm' with pid 8
2025-04-30 08:16:00,209 WARN exited: nginx (exit status 1; not expected)
2025-04-30 08:16:01,289 INFO spawned: 'nginx' with pid 11
2025-04-30 08:16:01,292 INFO success: php-fpm entered RUNNING state, process has stayed up for > than 1 seconds (startsecs)
2025-04-30 08:16:01,296 WARN exited: nginx (exit status 1; not expected)
2025-04-30 08:16:03,300 INFO spawned: 'nginx' with pid 12
2025-04-30 08:16:03,308 WARN exited: nginx (exit status 1; not expected)
2025-04-30 08:16:06,741 INFO spawned: 'nginx' with pid 13
2025-04-30 08:16:06,759 WARN exited: nginx (exit status 1; not expected)
2025-04-30 08:16:06,760 INFO gave up: nginx entered FATAL state, too many start retries too quickly
2025-04-30 08:25:10,349 WARN received SIGQUIT indicating exit request
2025-04-30 08:25:10,350 INFO waiting for php-fpm to die
2025-04-30 08:25:11,375 INFO stopped: php-fpm (exit status 0)
2025-04-30 08:25:23,693 CRIT Supervisor is running as root.  Privileges were not dropped because no user is specified in the config file.  If you intend to run as root, you can set user=root in the config file to avoid this message.
2025-04-30 08:25:23,709 INFO supervisord started with pid 1
2025-04-30 08:25:24,714 INFO spawned: 'nginx' with pid 7
2025-04-30 08:25:24,721 INFO spawned: 'php-fpm' with pid 8
2025-04-30 08:25:24,731 WARN exited: nginx (exit status 1; not expected)
2025-04-30 08:25:25,801 INFO spawned: 'nginx' with pid 11
2025-04-30 08:25:25,805 INFO success: php-fpm entered RUNNING state, process has stayed up for > than 1 seconds (startsecs)
2025-04-30 08:25:25,814 WARN exited: nginx (exit status 1; not expected)
2025-04-30 08:25:27,820 INFO spawned: 'nginx' with pid 12
2025-04-30 08:25:27,828 WARN exited: nginx (exit status 1; not expected)
2025-04-30 08:25:30,838 INFO spawned: 'nginx' with pid 13
2025-04-30 08:25:30,847 WARN exited: nginx (exit status 1; not expected)
2025-04-30 08:25:31,850 INFO gave up: nginx entered FATAL state, too many start retries too quickly
2025-04-30 13:22:35,787 WARN received SIGQUIT indicating exit request
2025-04-30 13:22:35,790 INFO waiting for php-fpm to die
2025-04-30 13:22:36,804 INFO stopped: php-fpm (exit status 0)
2025-04-30 13:22:49,888 CRIT Supervisor is running as root.  Privileges were not dropped because no user is specified in the config file.  If you intend to run as root, you can set user=root in the config file to avoid this message.
2025-04-30 13:22:49,898 INFO supervisord started with pid 1
2025-04-30 13:22:50,903 INFO spawned: 'nginx' with pid 7
2025-04-30 13:22:50,907 INFO spawned: 'php-fpm' with pid 8
2025-04-30 13:22:50,933 WARN exited: nginx (exit status 1; not expected)
2025-04-30 13:22:51,992 INFO spawned: 'nginx' with pid 11
2025-04-30 13:22:51,993 INFO success: php-fpm entered RUNNING state, process has stayed up for > than 1 seconds (startsecs)
2025-04-30 13:22:52,000 WARN exited: nginx (exit status 1; not expected)
2025-04-30 13:22:54,003 INFO spawned: 'nginx' with pid 12
2025-04-30 13:22:54,010 WARN exited: nginx (exit status 1; not expected)
2025-04-30 13:22:57,020 INFO spawned: 'nginx' with pid 13
2025-04-30 13:22:57,030 WARN exited: nginx (exit status 1; not expected)
2025-04-30 13:22:58,033 INFO gave up: nginx entered FATAL state, too many start retries too quickly
2025-05-01 15:26:50,263 CRIT Supervisor is running as root.  Privileges were not dropped because no user is specified in the config file.  If you intend to run as root, you can set user=root in the config file to avoid this message.
2025-05-01 15:26:50,271 INFO supervisord started with pid 1
2025-05-01 15:26:51,277 INFO spawned: 'nginx' with pid 7
2025-05-01 15:26:51,284 INFO spawned: 'php-fpm' with pid 8
2025-05-01 15:26:51,309 WARN exited: nginx (exit status 1; not expected)
2025-05-01 15:26:52,485 INFO spawned: 'nginx' with pid 11
2025-05-01 15:26:52,488 INFO success: php-fpm entered RUNNING state, process has stayed up for > than 1 seconds (startsecs)
2025-05-01 15:26:52,494 WARN exited: nginx (exit status 1; not expected)
2025-05-01 15:26:54,847 INFO spawned: 'nginx' with pid 13
2025-05-01 15:26:54,862 WARN exited: nginx (exit status 1; not expected)
2025-05-01 15:26:58,222 INFO spawned: 'nginx' with pid 14
2025-05-01 15:26:58,239 WARN exited: nginx (exit status 1; not expected)
2025-05-01 15:26:59,242 INFO gave up: nginx entered FATAL state, too many start retries too quickly
2025-05-02 07:13:14,877 CRIT Supervisor is running as root.  Privileges were not dropped because no user is specified in the config file.  If you intend to run as root, you can set user=root in the config file to avoid this message.
2025-05-02 07:13:14,897 INFO supervisord started with pid 1
2025-05-02 07:13:15,905 INFO spawned: 'nginx' with pid 6
2025-05-02 07:13:15,909 INFO spawned: 'php-fpm' with pid 7
2025-05-02 07:13:15,930 WARN exited: nginx (exit status 1; not expected)
2025-05-02 07:13:17,116 INFO spawned: 'nginx' with pid 10
2025-05-02 07:13:17,119 INFO success: php-fpm entered RUNNING state, process has stayed up for > than 1 seconds (startsecs)
2025-05-02 07:13:17,132 WARN exited: nginx (exit status 1; not expected)
2025-05-02 07:13:19,140 INFO spawned: 'nginx' with pid 11
2025-05-02 07:13:19,148 WARN exited: nginx (exit status 1; not expected)
2025-05-02 07:13:22,158 INFO spawned: 'nginx' with pid 12
2025-05-02 07:13:22,177 WARN exited: nginx (exit status 1; not expected)
2025-05-02 07:13:22,179 INFO gave up: nginx entered FATAL state, too many start retries too quickly
2025-05-10 06:11:53,939 CRIT Supervisor is running as root.  Privileges were not dropped because no user is specified in the config file.  If you intend to run as root, you can set user=root in the config file to avoid this message.
2025-05-10 06:11:53,949 INFO supervisord started with pid 1
2025-05-10 06:11:54,952 INFO spawned: 'nginx' with pid 7
2025-05-10 06:11:54,958 INFO spawned: 'php-fpm' with pid 8
2025-05-10 06:11:54,979 WARN exited: nginx (exit status 1; not expected)
2025-05-10 06:11:56,095 INFO spawned: 'nginx' with pid 11
2025-05-10 06:11:56,096 INFO success: php-fpm entered RUNNING state, process has stayed up for > than 1 seconds (startsecs)
2025-05-10 06:11:56,102 WARN exited: nginx (exit status 1; not expected)
2025-05-10 06:11:58,106 INFO spawned: 'nginx' with pid 12
2025-05-10 06:11:58,113 WARN exited: nginx (exit status 1; not expected)
2025-05-10 06:12:01,121 INFO spawned: 'nginx' with pid 13
2025-05-10 06:12:01,135 WARN exited: nginx (exit status 1; not expected)
2025-05-10 06:12:02,138 INFO gave up: nginx entered FATAL state, too many start retries too quickly
2025-05-10 06:52:04,514 CRIT Supervisor is running as root.  Privileges were not dropped because no user is specified in the config file.  If you intend to run as root, you can set user=root in the config file to avoid this message.
2025-05-10 06:52:04,524 INFO supervisord started with pid 1
2025-05-10 06:52:05,530 INFO spawned: 'nginx' with pid 7
2025-05-10 06:52:05,535 INFO spawned: 'php-fpm' with pid 8
2025-05-10 06:52:05,553 WARN exited: nginx (exit status 1; not expected)
2025-05-10 06:52:06,712 INFO spawned: 'nginx' with pid 11
2025-05-10 06:52:06,713 INFO success: php-fpm entered RUNNING state, process has stayed up for > than 1 seconds (startsecs)
2025-05-10 06:52:06,720 WARN exited: nginx (exit status 1; not expected)
2025-05-10 06:52:08,724 INFO spawned: 'nginx' with pid 12
2025-05-10 06:52:08,733 WARN exited: nginx (exit status 1; not expected)
2025-05-10 06:52:11,740 INFO spawned: 'nginx' with pid 13
2025-05-10 06:52:11,751 WARN exited: nginx (exit status 1; not expected)
2025-05-10 06:52:11,753 INFO gave up: nginx entered FATAL state, too many start retries too quickly
2025-05-10 06:54:22,785 WARN received SIGQUIT indicating exit request
2025-05-10 06:54:22,786 INFO waiting for php-fpm to die
2025-05-10 06:54:22,799 INFO stopped: php-fpm (exit status 0)
2025-05-10 06:54:38,620 CRIT Supervisor is running as root.  Privileges were not dropped because no user is specified in the config file.  If you intend to run as root, you can set user=root in the config file to avoid this message.
2025-05-10 06:54:38,640 INFO supervisord started with pid 1
2025-05-10 06:54:39,647 INFO spawned: 'nginx' with pid 6
2025-05-10 06:54:39,655 INFO spawned: 'php-fpm' with pid 7
2025-05-10 06:54:39,664 WARN exited: nginx (exit status 1; not expected)
2025-05-10 06:54:40,788 INFO spawned: 'nginx' with pid 10
2025-05-10 06:54:40,791 INFO success: php-fpm entered RUNNING state, process has stayed up for > than 1 seconds (startsecs)
2025-05-10 06:54:40,797 WARN exited: nginx (exit status 1; not expected)
2025-05-10 06:54:42,804 INFO spawned: 'nginx' with pid 11
2025-05-10 06:54:42,825 WARN exited: nginx (exit status 1; not expected)
2025-05-10 06:54:45,835 INFO spawned: 'nginx' with pid 12
2025-05-10 06:54:45,854 WARN exited: nginx (exit status 1; not expected)
2025-05-10 06:54:46,857 INFO gave up: nginx entered FATAL state, too many start retries too quickly
2025-05-10 07:00:43,718 WARN received SIGQUIT indicating exit request
2025-05-10 07:00:43,720 INFO waiting for php-fpm to die
2025-05-10 07:00:43,741 INFO stopped: php-fpm (exit status 0)
2025-05-10 07:01:23,687 CRIT Supervisor is running as root.  Privileges were not dropped because no user is specified in the config file.  If you intend to run as root, you can set user=root in the config file to avoid this message.
2025-05-10 07:01:23,696 INFO supervisord started with pid 1
2025-05-10 07:01:24,699 INFO spawned: 'nginx' with pid 7
2025-05-10 07:01:24,722 INFO spawned: 'php-fpm' with pid 8
2025-05-10 07:01:24,789 WARN exited: nginx (exit status 1; not expected)
2025-05-10 07:01:26,146 INFO spawned: 'nginx' with pid 11
2025-05-10 07:01:26,151 INFO success: php-fpm entered RUNNING state, process has stayed up for > than 1 seconds (startsecs)
2025-05-10 07:01:26,157 WARN exited: nginx (exit status 1; not expected)
2025-05-10 07:01:28,163 INFO spawned: 'nginx' with pid 12
2025-05-10 07:01:28,172 WARN exited: nginx (exit status 1; not expected)
2025-05-10 07:01:31,180 INFO spawned: 'nginx' with pid 13
2025-05-10 07:01:31,191 WARN exited: nginx (exit status 1; not expected)
2025-05-10 07:01:32,193 INFO gave up: nginx entered FATAL state, too many start retries too quickly
2025-05-10 09:34:06,398 WARN received SIGQUIT indicating exit request
2025-05-10 09:34:06,399 INFO waiting for php-fpm to die
2025-05-10 09:34:06,427 INFO stopped: php-fpm (exit status 0)
